<?xml version="1.0" encoding="UTF-8"?>
<testsuite name="com.example.AwsDeploy.Controller.DummyControllerTest" tests="1" skipped="0" failures="0" errors="0" timestamp="2023-02-28T14:23:11" hostname="LAPTOP-APLPD5CP" time="0.091">
  <properties/>
  <testcase name="shouldReturnHello()" classname="com.example.AwsDeploy.Controller.DummyControllerTest" time="0.091"/>
  <system-out><![CDATA[2023-02-28T19:53:11.132+05:30  INFO 9800 --- [    Test worker] t.c.s.AnnotationConfigContextLoaderUtils : Could not detect default configuration classes for test class [com.example.AwsDeploy.Controller.DummyControllerTest]: DummyControllerTest does not declare any static, non-private, non-final, nested classes annotated with @Configuration.
2023-02-28T19:53:11.148+05:30  INFO 9800 --- [    Test worker] .b.t.c.SpringBootTestContextBootstrapper : Found @SpringBootConfiguration com.example.AwsDeploy.AwsDeployApplication for test class com.example.AwsDeploy.Controller.DummyControllerTest

  .   ____          _            __ _ _
 /\\ / ___'_ __ _ _(_)_ __  __ _ \ \ \ \
( ( )\___ | '_ | '_| | '_ \/ _` | \ \ \ \
 \\/  ___)| |_)| | | | | || (_| |  ) ) ) )
  '  |____| .__|_| |_|_| |_\__, | / / / /
 =========|_|==============|___/=/_/_/_/
 :: Spring Boot ::                (v3.0.2)

2023-02-28T19:53:11.191+05:30  INFO 9800 --- [    Test worker] c.e.A.Controller.DummyControllerTest     : Starting DummyControllerTest using Java 17.0.2 with PID 9800 (started by harip in F:\AwsDeploy)
2023-02-28T19:53:11.191+05:30  INFO 9800 --- [    Test worker] c.e.A.Controller.DummyControllerTest     : No active profile set, falling back to 1 default profile: "default"
2023-02-28T19:53:11.581+05:30  INFO 9800 --- [    Test worker] o.s.b.t.m.w.SpringBootMockServletContext : Initializing Spring TestDispatcherServlet ''
2023-02-28T19:53:11.581+05:30  INFO 9800 --- [    Test worker] o.s.t.web.servlet.TestDispatcherServlet  : Initializing Servlet ''
2023-02-28T19:53:11.585+05:30  INFO 9800 --- [    Test worker] o.s.t.web.servlet.TestDispatcherServlet  : Completed initialization in 2 ms
2023-02-28T19:53:11.594+05:30  INFO 9800 --- [    Test worker] c.e.A.Controller.DummyControllerTest     : Started DummyControllerTest in 0.441 seconds (process running for 4.188)
]]></system-out>
  <system-err><![CDATA[]]></system-err>
</testsuite>
