<?xml version="1.0" encoding="UTF-8"?>
<testsuite name="com.example.AwsDeploy.AwsDeployApplicationTests" tests="1" skipped="0" failures="0" errors="0" timestamp="2023-02-21T15:01:44" hostname="LAPTOP-APLPD5CP" time="0.39">
  <properties/>
  <testcase name="contextLoads()" classname="com.example.AwsDeploy.AwsDeployApplicationTests" time="0.39"/>
  <system-out><![CDATA[20:31:42.867 [Test worker] DEBUG org.springframework.boot.test.context.SpringBootTestContextBootstrapper - Neither @ContextConfiguration nor @ContextHierarchy found for test class [AwsDeployApplicationTests]: using SpringBootContextLoader
20:31:42.872 [Test worker] DEBUG org.springframework.test.context.support.AbstractContextLoader - Could not detect default resource locations for test class [com.example.AwsDeploy.AwsDeployApplicationTests]: no resource found for suffixes {-context.xml, Context.groovy}.
20:31:42.873 [Test worker] INFO org.springframework.test.context.support.AnnotationConfigContextLoaderUtils - Could not detect default configuration classes for test class [com.example.AwsDeploy.AwsDeployApplicationTests]: AwsDeployApplicationTests does not declare any static, non-private, non-final, nested classes annotated with @Configuration.
20:31:42.899 [Test worker] DEBUG org.springframework.boot.test.context.SpringBootTestContextBootstrapper - Using ContextCustomizers for test class [AwsDeployApplicationTests]: [DisableObservabilityContextCustomizer, PropertyMappingContextCustomizer, Customizer, ExcludeFilterContextCustomizer, DuplicateJsonObjectContextCustomizer, MockitoContextCustomizer, TestRestTemplateContextCustomizer]
20:31:43.006 [Test worker] DEBUG org.springframework.context.annotation.ClassPathScanningCandidateComponentProvider - Identified candidate component class: file [F:\AwsDeploy\build\classes\java\main\com\example\AwsDeploy\AwsDeployApplication.class]
20:31:43.008 [Test worker] INFO org.springframework.boot.test.context.SpringBootTestContextBootstrapper - Found @SpringBootConfiguration com.example.AwsDeploy.AwsDeployApplication for test class com.example.AwsDeploy.AwsDeployApplicationTests
20:31:43.120 [Test worker] DEBUG org.springframework.test.context.util.TestContextSpringFactoriesUtils - Skipping candidate TestExecutionListener [org.springframework.test.context.transaction.TransactionalTestExecutionListener] due to a missing dependency. Specify custom TestExecutionListener classes or make the default TestExecutionListener classes and their required dependencies available. Offending class: [org/springframework/transaction/interceptor/TransactionAttributeSource]
20:31:43.122 [Test worker] DEBUG org.springframework.test.context.util.TestContextSpringFactoriesUtils - Skipping candidate TestExecutionListener [org.springframework.test.context.jdbc.SqlScriptsTestExecutionListener] due to a missing dependency. Specify custom TestExecutionListener classes or make the default TestExecutionListener classes and their required dependencies available. Offending class: [org/springframework/transaction/interceptor/TransactionAttribute]
20:31:43.124 [Test worker] DEBUG org.springframework.boot.test.context.SpringBootTestContextBootstrapper - Using TestExecutionListeners for test class [AwsDeployApplicationTests]: [ServletTestExecutionListener, DirtiesContextBeforeModesTestExecutionListener, ApplicationEventsTestExecutionListener, MockitoTestExecutionListener, DependencyInjectionTestExecutionListener, DirtiesContextTestExecutionListener, EventPublishingTestExecutionListener, RestDocsTestExecutionListener, MockRestServiceServerResetTestExecutionListener, MockMvcPrintOnlyOnFailureTestExecutionListener, WebDriverTestExecutionListener, MockWebServiceServerTestExecutionListener, ResetMocksTestExecutionListener]
20:31:43.126 [Test worker] DEBUG org.springframework.test.context.support.AbstractDirtiesContextTestExecutionListener - Before test class: class [AwsDeployApplicationTests], class annotated with @DirtiesContext [false] with mode [null]

  .   ____          _            __ _ _
 /\\ / ___'_ __ _ _(_)_ __  __ _ \ \ \ \
( ( )\___ | '_ | '_| | '_ \/ _` | \ \ \ \
 \\/  ___)| |_)| | | | | || (_| |  ) ) ) )
  '  |____| .__|_| |_|_| |_\__, | / / / /
 =========|_|==============|___/=/_/_/_/
 :: Spring Boot ::                (v3.0.2)

2023-02-21T20:31:43.417+05:30  INFO 16196 --- [    Test worker] c.e.AwsDeploy.AwsDeployApplicationTests  : Starting AwsDeployApplicationTests using Java 17.0.2 with PID 16196 (started by harip in F:\AwsDeploy)
2023-02-21T20:31:43.420+05:30  INFO 16196 --- [    Test worker] c.e.AwsDeploy.AwsDeployApplicationTests  : No active profile set, falling back to 1 default profile: "default"
2023-02-21T20:31:44.602+05:30  INFO 16196 --- [    Test worker] c.e.AwsDeploy.AwsDeployApplicationTests  : Started AwsDeployApplicationTests in 1.431 seconds (process running for 2.755)
]]></system-out>
  <system-err><![CDATA[]]></system-err>
</testsuite>
